{
  "MiniTest": {
    "coverage": {
    },
    "timestamp": 1450346868
  },
  "RSpec": {
    "coverage": {
      "/Users/Hedy/turing/rubric_projects/enigma/lib/crack.rb": [
        1,
        null,
        1,
        1,
        null,
        1,
        21,
        21,
        21,
        null,
        null,
        1,
        31,
        31,
        null,
        null,
        1,
        29,
        29,
        394,
        null,
        null,
        1,
        11,
        null,
        null,
        1,
        16,
        16,
        null,
        null,
        1,
        11,
        88,
        11,
        null,
        null,
        1,
        10,
        10,
        10,
        null,
        null,
        1,
        9,
        9,
        9,
        36,
        null,
        9,
        null,
        null,
        1,
        8,
        8,
        128,
        null,
        null,
        1,
        7,
        7,
        7,
        null,
        null,
        1,
        6,
        102,
        null,
        null,
        1,
        5,
        5,
        5,
        77,
        null,
        5,
        null,
        null,
        1,
        4,
        4,
        4,
        4,
        67,
        null,
        4,
        null,
        null,
        null,
        1,
        1
      ],
      "/Users/Hedy/turing/rubric_projects/enigma/lib/cypher.rb": [
        1,
        1,
        null,
        1,
        56,
        null,
        null,
        null
      ],
      "/Users/Hedy/turing/rubric_projects/enigma/test/cypher_test.rb": [
        1,
        1,
        null,
        1,
        1,
        1,
        1,
        null,
        1,
        null,
        1,
        1,
        null,
        1,
        1,
        null,
        null,
        1,
        1,
        null,
        1,
        1,
        null,
        null,
        1,
        1,
        null,
        1,
        1,
        null,
        null,
        1,
        1,
        null,
        1,
        null,
        null,
        1,
        1,
        null,
        1,
        null,
        null,
        1,
        1,
        null,
        1,
        null,
        null,
        null
      ],
      "/Users/Hedy/turing/rubric_projects/enigma/test/decryptor_test.rb": [
        1,
        1,
        null,
        1,
        1,
        1,
        1,
        null,
        1,
        null,
        1,
        1,
        null,
        1,
        null,
        null,
        1,
        1,
        1,
        null,
        1,
        null,
        null,
        1,
        1,
        null,
        1,
        null,
        null,
        1,
        1,
        null,
        1,
        null,
        null,
        1,
        1,
        1,
        null,
        1,
        null,
        null,
        1,
        1,
        1,
        null,
        1,
        null,
        null,
        1,
        1,
        1,
        null,
        1,
        null,
        null,
        1,
        1,
        1,
        null,
        1,
        null,
        null,
        1,
        1,
        1,
        null,
        1,
        null,
        null,
        1,
        1,
        1,
        null,
        1,
        null,
        null,
        1,
        1,
        null,
        1,
        null,
        null,
        1,
        1,
        null,
        1,
        null,
        null,
        null
      ],
      "/Users/Hedy/turing/rubric_projects/enigma/lib/decryptor.rb": [
        1,
        1,
        null,
        1,
        1,
        null,
        1,
        13,
        13,
        13,
        13,
        null,
        null,
        1,
        4,
        null,
        null,
        1,
        18,
        18,
        null,
        null,
        1,
        17,
        17,
        178,
        null,
        null,
        1,
        8,
        8,
        null,
        null,
        1,
        4,
        4,
        4,
        4,
        4,
        4,
        4,
        4,
        null,
        null,
        1,
        4,
        4,
        4,
        4,
        4,
        null,
        4,
        4,
        4,
        4,
        null,
        4,
        null,
        null,
        1,
        4,
        4,
        52,
        null,
        null,
        1,
        3,
        34,
        null,
        null,
        1,
        2,
        2,
        2,
        21,
        null,
        2,
        null,
        null,
        null,
        1,
        null,
        null,
        null,
        null,
        1,
        null
      ],
      "/Users/Hedy/turing/rubric_projects/enigma/lib/engine.rb": [
        1,
        1,
        null,
        1,
        38,
        38,
        null,
        null,
        1,
        1,
        1,
        null,
        null,
        1,
        13,
        13,
        13,
        13,
        13,
        13,
        null,
        null,
        1,
        14,
        14,
        14,
        null,
        null,
        1,
        13,
        13,
        13,
        13,
        13,
        13,
        null,
        null,
        1,
        8,
        8,
        8,
        8,
        8,
        8,
        8,
        8,
        null,
        null,
        1,
        7,
        7,
        7,
        7,
        7,
        null,
        7,
        7,
        7,
        7,
        null,
        7,
        null,
        null,
        null
      ],
      "/Users/Hedy/turing/rubric_projects/enigma/test/encryptor_test.rb": [
        1,
        1,
        null,
        1,
        1,
        1,
        1,
        null,
        1,
        null,
        1,
        1,
        null,
        1,
        null,
        null,
        1,
        1,
        null,
        1,
        null,
        null,
        1,
        1,
        1,
        null,
        1,
        null,
        null,
        1,
        1,
        null,
        1,
        null,
        null,
        1,
        1,
        null,
        1,
        null,
        null,
        1,
        1,
        1,
        null,
        1,
        null,
        null,
        1,
        1,
        1,
        null,
        1,
        null,
        null,
        1,
        1,
        1,
        null,
        1,
        null,
        null,
        1,
        1,
        1,
        null,
        1,
        null,
        null,
        1,
        1,
        1,
        null,
        1,
        null,
        null,
        1,
        1,
        1,
        null,
        1,
        null,
        null,
        1,
        1,
        1,
        null,
        1,
        null,
        null,
        1,
        1,
        null,
        1,
        null,
        null,
        1,
        1,
        null,
        1,
        null,
        null,
        null
      ],
      "/Users/Hedy/turing/rubric_projects/enigma/lib/encryptor.rb": [
        1,
        1,
        null,
        1,
        1,
        null,
        1,
        15,
        15,
        15,
        null,
        null,
        1,
        32,
        32,
        null,
        null,
        1,
        30,
        30,
        310,
        null,
        null,
        1,
        14,
        14,
        null,
        null,
        1,
        6,
        6,
        74,
        null,
        null,
        1,
        5,
        5,
        52,
        5,
        null,
        null,
        1,
        3,
        3,
        3,
        31,
        null,
        3,
        null,
        null,
        null,
        null,
        1,
        1
      ],
      "/Users/Hedy/turing/rubric_projects/enigma/test/engine_test.rb": [
        1,
        1,
        null,
        1,
        1,
        1,
        1,
        null,
        1,
        null,
        1,
        1,
        null,
        1,
        null,
        null,
        1,
        1,
        null,
        1,
        null,
        null,
        1,
        1,
        null,
        1,
        null,
        null,
        1,
        1,
        null,
        1,
        null,
        null,
        1,
        1,
        1,
        null,
        1,
        null,
        null,
        1,
        1,
        1,
        null,
        1,
        null,
        null,
        1,
        1,
        null,
        1,
        null,
        null,
        1,
        1,
        null,
        1,
        null,
        null,
        1,
        1,
        1,
        null,
        1,
        null,
        null,
        1,
        1,
        1,
        null,
        1,
        null,
        null,
        null
      ]
    },
    "timestamp": 1450369766
  }
}
